<?xml version="1.0" encoding="UTF-8"?>
<testng-results ignored="0" total="2" passed="2" failed="0" skipped="0">
  <reporter-output>
  </reporter-output>
  <suite started-at="2025-02-23T13:22:26 ICT" name="Default suite" finished-at="2025-02-23T13:22:26 ICT" duration-ms="81">
    <groups>
    </groups>
    <test started-at="2025-02-23T13:22:26 ICT" name="Default test" finished-at="2025-02-23T13:22:26 ICT" duration-ms="81">
      <class name="NguyenTuanTai.testThuCoi">
        <test-method is-config="true" signature="beforeSuite()[pri:0, instance:NguyenTuanTai.testThuCoi@402bba4f]" started-at="2025-02-23T13:22:26 ICT" name="beforeSuite" finished-at="2025-02-23T13:22:26 ICT" duration-ms="12" status="PASS">
          <reporter-output>
          </reporter-output>
        </test-method> <!-- beforeSuite -->
        <test-method is-config="true" signature="beforeTest()[pri:0, instance:NguyenTuanTai.testThuCoi@402bba4f]" started-at="2025-02-23T13:22:26 ICT" name="beforeTest" finished-at="2025-02-23T13:22:26 ICT" duration-ms="1" status="PASS">
          <reporter-output>
          </reporter-output>
        </test-method> <!-- beforeTest -->
        <test-method is-config="true" signature="beforeClass()[pri:0, instance:NguyenTuanTai.testThuCoi@402bba4f]" started-at="2025-02-23T13:22:26 ICT" name="beforeClass" finished-at="2025-02-23T13:22:26 ICT" duration-ms="1" status="PASS">
          <reporter-output>
          </reporter-output>
        </test-method> <!-- beforeClass -->
        <test-method is-config="true" signature="beforeMethod()[pri:0, instance:NguyenTuanTai.testThuCoi@402bba4f]" started-at="2025-02-23T13:22:26 ICT" name="beforeMethod" finished-at="2025-02-23T13:22:26 ICT" duration-ms="1" status="PASS">
          <reporter-output>
          </reporter-output>
        </test-method> <!-- beforeMethod -->
        <test-method signature="test1()[pri:0, instance:NguyenTuanTai.testThuCoi@402bba4f]" started-at="2025-02-23T13:22:26 ICT" name="test1" finished-at="2025-02-23T13:22:26 ICT" duration-ms="15" status="PASS">
          <reporter-output>
          </reporter-output>
        </test-method> <!-- test1 -->
        <test-method is-config="true" signature="afterMethod()[pri:0, instance:NguyenTuanTai.testThuCoi@402bba4f]" started-at="2025-02-23T13:22:26 ICT" name="afterMethod" finished-at="2025-02-23T13:22:26 ICT" duration-ms="0" status="PASS">
          <reporter-output>
          </reporter-output>
        </test-method> <!-- afterMethod -->
        <test-method is-config="true" signature="beforeMethod()[pri:0, instance:NguyenTuanTai.testThuCoi@402bba4f]" started-at="2025-02-23T13:22:26 ICT" name="beforeMethod" finished-at="2025-02-23T13:22:26 ICT" duration-ms="0" status="PASS">
          <reporter-output>
          </reporter-output>
        </test-method> <!-- beforeMethod -->
        <test-method signature="test2()[pri:0, instance:NguyenTuanTai.testThuCoi@402bba4f]" started-at="2025-02-23T13:22:26 ICT" name="test2" finished-at="2025-02-23T13:22:26 ICT" duration-ms="3" status="PASS">
          <reporter-output>
          </reporter-output>
        </test-method> <!-- test2 -->
        <test-method is-config="true" signature="afterMethod()[pri:0, instance:NguyenTuanTai.testThuCoi@402bba4f]" started-at="2025-02-23T13:22:26 ICT" name="afterMethod" finished-at="2025-02-23T13:22:26 ICT" duration-ms="1" status="PASS">
          <reporter-output>
          </reporter-output>
        </test-method> <!-- afterMethod -->
        <test-method is-config="true" signature="afterClass()[pri:0, instance:NguyenTuanTai.testThuCoi@402bba4f]" started-at="2025-02-23T13:22:26 ICT" name="afterClass" finished-at="2025-02-23T13:22:26 ICT" duration-ms="1" status="PASS">
          <reporter-output>
          </reporter-output>
        </test-method> <!-- afterClass -->
        <test-method is-config="true" signature="afterTest()[pri:0, instance:NguyenTuanTai.testThuCoi@402bba4f]" started-at="2025-02-23T13:22:26 ICT" name="afterTest" finished-at="2025-02-23T13:22:26 ICT" duration-ms="1" status="PASS">
          <reporter-output>
          </reporter-output>
        </test-method> <!-- afterTest -->
        <test-method is-config="true" signature="afterSuite()[pri:0, instance:NguyenTuanTai.testThuCoi@402bba4f]" started-at="2025-02-23T13:22:31 ICT" name="afterSuite" finished-at="2025-02-23T13:22:31 ICT" duration-ms="1" status="PASS">
          <reporter-output>
          </reporter-output>
        </test-method> <!-- afterSuite -->
      </class> <!-- NguyenTuanTai.testThuCoi -->
    </test> <!-- Default test -->
  </suite> <!-- Default suite -->
</testng-results>
