<?xml version="1.0" encoding="UTF-8"?>
<testng-results ignored="0" total="1" passed="1" failed="0" skipped="0">
  <reporter-output>
  </reporter-output>
  <suite started-at="2025-02-23T15:23:29 ICT" name="Default suite" finished-at="2025-02-23T15:23:36 ICT" duration-ms="7666">
    <groups>
    </groups>
    <test started-at="2025-02-23T15:23:29 ICT" name="Default test" finished-at="2025-02-23T15:23:36 ICT" duration-ms="7666">
      <class name="NguyenTuanTai.add_user_feature">
        <test-method is-config="true" signature="lauchBrowser()[pri:0, instance:NguyenTuanTai.add_user_feature@5df417a7]" started-at="2025-02-23T15:23:29 ICT" name="lauchBrowser" finished-at="2025-02-23T15:23:36 ICT" duration-ms="7378" status="PASS">
          <reporter-output>
          </reporter-output>
        </test-method> <!-- lauchBrowser -->
        <test-method signature="login()[pri:0, instance:NguyenTuanTai.add_user_feature@5df417a7]" started-at="2025-02-23T15:23:36 ICT" name="login" finished-at="2025-02-23T15:23:36 ICT" duration-ms="217" status="PASS">
          <reporter-output>
          </reporter-output>
        </test-method> <!-- login -->
      </class> <!-- NguyenTuanTai.add_user_feature -->
    </test> <!-- Default test -->
  </suite> <!-- Default suite -->
</testng-results>
